{
  "0 debug pnpm:scope": {
    "selected": 1
  },
  "1 error pnpm": {
    "code": "ERR_PNPM_UNSUPPORTED_ENGINE",
    "packageId": "D:\\study-code\\l-icon",
    "wanted": {
      "pnpm": ">=8.0"
    },
    "current": {
      "node": "v16.14.2",
      "pnpm": "6.32.3"
    },
    "err": {
      "name": "pnpm",
      "message": "Unsupported engine for D:\\study-code\\l-icon: wanted: {\"pnpm\":\">=8.0\"} (current: {\"node\":\"v16.14.2\",\"pnpm\":\"6.32.3\"})",
      "code": "ERR_PNPM_UNSUPPORTED_ENGINE",
      "stack": "pnpm: Unsupported engine for D:\\study-code\\l-icon: wanted: {\"pnpm\":\">=8.0\"} (current: {\"node\":\"v16.14.2\",\"pnpm\":\"6.32.3\"})\n    at checkEngine (C:\\Users\\lovev\\AppData\\Roaming\\npm\\node_modules\\pnpm\\dist\\pnpm.cjs:41280:16)\n    at checkPackage (C:\\Users\\lovev\\AppData\\Roaming\\npm\\node_modules\\pnpm\\dist\\pnpm.cjs:43376:104)\n    at packageIsInstallable (C:\\Users\\lovev\\AppData\\Roaming\\npm\\node_modules\\pnpm\\dist\\pnpm.cjs:43400:61)\n    at tryReadProjectManifest (C:\\Users\\lovev\\AppData\\Roaming\\npm\\node_modules\\pnpm\\dist\\pnpm.cjs:43730:55)\n    at async handler (C:\\Users\\lovev\\AppData\\Roaming\\npm\\node_modules\\pnpm\\dist\\pnpm.cjs:121892:48)\n    at async C:\\Users\\lovev\\AppData\\Roaming\\npm\\node_modules\\pnpm\\dist\\pnpm.cjs:182194:21\n    at async run (C:\\Users\\lovev\\AppData\\Roaming\\npm\\node_modules\\pnpm\\dist\\pnpm.cjs:182168:34)\n    at async runPnpm (C:\\Users\\lovev\\AppData\\Roaming\\npm\\node_modules\\pnpm\\dist\\pnpm.cjs:182387:5)\n    at async C:\\Users\\lovev\\AppData\\Roaming\\npm\\node_modules\\pnpm\\dist\\pnpm.cjs:182379:7"
    }
  }
}